[- ^binggo^ 2018-05-07 11:25:45 -]

Connecting to jdbc:hive2://hnedaint03:10001/default;principal=edc_jk/admin@NBDP.COM
Connected to: Spark SQL (version 2.1.2-SNAPSHOT)
Driver: Hive JDBC (version 1.2.1.spark2)
Transaction isolation: TRANSACTION_REPEATABLE_READ
0: jdbc:hive2://hnedaint03:10001/default> 
0: jdbc:hive2://hnedaint03:10001/default> --<CUT>[STEP 1]
0: jdbc:hive2://hnedaint03:10001/default> 
0: jdbc:hive2://hnedaint03:10001/default> -- SHOW DATABASES;
0: jdbc:hive2://hnedaint03:10001/default> 
0: jdbc:hive2://hnedaint03:10001/default> select * from default.dual;
+------+--+
| str  |
+------+--+
| x    |
+------+--+
1 row selected (144.57 seconds)
0: jdbc:hive2://hnedaint03:10001/default> 
0: jdbc:hive2://hnedaint03:10001/default> --<CUT>
0: jdbc:hive2://hnedaint03:10001/default> 
0: jdbc:hive2://hnedaint03:10001/default> USE TST;
+---------+--+
| Result  |
+---------+--+
+---------+--+
No rows selected (0.008 seconds)
0: jdbc:hive2://hnedaint03:10001/default> 
0: jdbc:hive2://hnedaint03:10001/default> select 20180321,201802,2017,20180228,20170930 from default.dual;
+-----------+---------+-------+-----------+-----------+--+
| 20180321  | 201802  | 2017  | 20180228  | 20170930  |
+-----------+---------+-------+-----------+-----------+--+
| 20180321  | 201802  | 2017  | 20180228  | 20170930  |
+-----------+---------+-------+-----------+-----------+--+
1 row selected (10.127 seconds)
0: jdbc:hive2://hnedaint03:10001/default> 
0: jdbc:hive2://hnedaint03:10001/default> --<CUT>
0: jdbc:hive2://hnedaint03:10001/default> -- CREATE TABLE JIANGGANG(A INT);
0: jdbc:hive2://hnedaint03:10001/default> USE TST;
+---------+--+
| Result  |
+---------+--+
+---------+--+
No rows selected (39.521 seconds)
0: jdbc:hive2://hnedaint03:10001/default> DESC JIANGGANG1;
Error: org.apache.spark.sql.catalyst.analysis.NoSuchTableException: Table or view 'jianggang1' not found in database 'tst'; (state=,code=0)

Closing: 0: jdbc:hive2://hnedaint03:10001/default;principal=edc_jk/admin@NBDP.COM

------------------------------------------------------------------
|  .begin : 2018-05-07 11:25:45  --  .end : 2018-05-07 11:30:53  |
------------------------------------------------------------------

[- ^binggo^ 2018-05-07 11:31:05 -]

Connecting to jdbc:hive2://hnedaint03:10001/default;principal=edc_jk/admin@NBDP.COM
Connected to: Spark SQL (version 2.1.2-SNAPSHOT)
Driver: Hive JDBC (version 1.2.1.spark2)
Transaction isolation: TRANSACTION_REPEATABLE_READ
0: jdbc:hive2://hnedaint03:10001/default> --<CUT>
0: jdbc:hive2://hnedaint03:10001/default> -- CREATE TABLE JIANGGANG(A INT);
0: jdbc:hive2://hnedaint03:10001/default> USE TST;
+---------+--+
| Result  |
+---------+--+
+---------+--+
No rows selected (0.1 seconds)
0: jdbc:hive2://hnedaint03:10001/default> DESC JIANGGANG1;
Error: org.apache.spark.sql.catalyst.analysis.NoSuchTableException: Table or view 'jianggang1' not found in database 'tst'; (state=,code=0)

Closing: 0: jdbc:hive2://hnedaint03:10001/default;principal=edc_jk/admin@NBDP.COM

------------------------------------------------------------------
|  .begin : 2018-05-07 11:31:05  --  .end : 2018-05-07 11:31:07  |
------------------------------------------------------------------

[- ^binggo^ 2018-05-07 11:31:19 -]

Connecting to jdbc:hive2://hnedaint03:10001/default;principal=edc_jk/admin@NBDP.COM
Connected to: Spark SQL (version 2.1.2-SNAPSHOT)
Driver: Hive JDBC (version 1.2.1.spark2)
Transaction isolation: TRANSACTION_REPEATABLE_READ
0: jdbc:hive2://hnedaint03:10001/default> --<CUT>
0: jdbc:hive2://hnedaint03:10001/default> -- CREATE TABLE JIANGGANG(A INT);
0: jdbc:hive2://hnedaint03:10001/default> USE TST;
+---------+--+
| Result  |
+---------+--+
+---------+--+
No rows selected (0.102 seconds)
0: jdbc:hive2://hnedaint03:10001/default> DESC JIANGGANG1;
Error: org.apache.spark.sql.catalyst.analysis.NoSuchTableException: Table or view 'jianggang1' not found in database 'tst'; (state=,code=0)

Closing: 0: jdbc:hive2://hnedaint03:10001/default;principal=edc_jk/admin@NBDP.COM

------------------------------------------------------------------
|  .begin : 2018-05-07 11:31:19  --  .end : 2018-05-07 11:31:30  |
------------------------------------------------------------------

[- ^binggo^ 2018-05-07 11:31:42 -]

Connecting to jdbc:hive2://hnedaint03:10001/default;principal=edc_jk/admin@NBDP.COM
Connected to: Spark SQL (version 2.1.2-SNAPSHOT)
Driver: Hive JDBC (version 1.2.1.spark2)
Transaction isolation: TRANSACTION_REPEATABLE_READ
0: jdbc:hive2://hnedaint03:10001/default> --<CUT>
0: jdbc:hive2://hnedaint03:10001/default> -- CREATE TABLE JIANGGANG(A INT);
0: jdbc:hive2://hnedaint03:10001/default> USE TST;
+---------+--+
| Result  |
+---------+--+
+---------+--+
No rows selected (55.596 seconds)
0: jdbc:hive2://hnedaint03:10001/default> DESC JIANGGANG1;
Error: org.apache.spark.sql.catalyst.analysis.NoSuchTableException: Table or view 'jianggang1' not found in database 'tst'; (state=,code=0)

Closing: 0: jdbc:hive2://hnedaint03:10001/default;principal=edc_jk/admin@NBDP.COM

------------------------------------------------------------------
|  .begin : 2018-05-07 11:31:42  --  .end : 2018-05-07 11:33:36  |
------------------------------------------------------------------

